0 info it worked if it ends with ok
1 verbose cli [ 'C:\\Program Files\\nodejs\\node.exe',
1 verbose cli   'C:\\Program Files\\nodejs\\node_modules\\npm\\bin\\npm-cli.js',
1 verbose cli   'run',
1 verbose cli   'precommit' ]
2 info using npm@3.10.10
3 info using node@v6.9.4
4 verbose run-script [ 'precommit' ]
5 info lifecycle react-redux-saga-boilerplate@0.3.0~precommit: react-redux-saga-boilerplate@0.3.0
6 verbose lifecycle react-redux-saga-boilerplate@0.3.0~precommit: unsafe-perm in lifecycle true
7 verbose lifecycle react-redux-saga-boilerplate@0.3.0~precommit: PATH: C:\Program Files\nodejs\node_modules\npm\bin\node-gyp-bin;C:\Users\kyon\Desktop\reactjira\node_modules\.bin;C:\Program Files\Git\mingw64\libexec\git-core;C:\Program Files\Git\mingw64\bin;C:\Program Files\Git\usr\bin;C:\Users\kyon\bin;C:\WINDOWS\system32;C:\WINDOWS;C:\WINDOWS\System32\Wbem;C:\WINDOWS\System32\WindowsPowerShell\v1.0;C:\Program Files (x86)\NVIDIA Corporation\PhysX\Common;C:\Program Files\nodejs;C:\Program Files\Git\cmd;C:\Users\kyon\AppData\Local\Microsoft\WindowsApps;C:\Users\kyon\AppData\Roaming\npm;C:\Program Files (x86)\Microsoft VS Code\bin;C:\Program Files\nodejs
8 verbose lifecycle react-redux-saga-boilerplate@0.3.0~precommit: CWD: C:\Users\kyon\Desktop\reactjira
9 silly lifecycle react-redux-saga-boilerplate@0.3.0~precommit: Args: [ '/d /s /c',
9 silly lifecycle   'node config/tools commits && npm run lint && npm run lint:styles && npm test' ]
10 silly lifecycle react-redux-saga-boilerplate@0.3.0~precommit: Returned: code: 1  signal: null
11 info lifecycle react-redux-saga-boilerplate@0.3.0~precommit: Failed to exec precommit script
12 verbose stack Error: react-redux-saga-boilerplate@0.3.0 precommit: `node config/tools commits && npm run lint && npm run lint:styles && npm test`
12 verbose stack Exit status 1
12 verbose stack     at EventEmitter.<anonymous> (C:\Program Files\nodejs\node_modules\npm\lib\utils\lifecycle.js:255:16)
12 verbose stack     at emitTwo (events.js:106:13)
12 verbose stack     at EventEmitter.emit (events.js:191:7)
12 verbose stack     at ChildProcess.<anonymous> (C:\Program Files\nodejs\node_modules\npm\lib\utils\spawn.js:40:14)
12 verbose stack     at emitTwo (events.js:106:13)
12 verbose stack     at ChildProcess.emit (events.js:191:7)
12 verbose stack     at maybeClose (internal/child_process.js:877:16)
12 verbose stack     at Process.ChildProcess._handle.onexit (internal/child_process.js:226:5)
13 verbose pkgid react-redux-saga-boilerplate@0.3.0
14 verbose cwd C:\Users\kyon\Desktop\reactjira
15 error Windows_NT 10.0.14393
16 error argv "C:\\Program Files\\nodejs\\node.exe" "C:\\Program Files\\nodejs\\node_modules\\npm\\bin\\npm-cli.js" "run" "precommit"
17 error node v6.9.4
18 error npm  v3.10.10
19 error code ELIFECYCLE
20 error react-redux-saga-boilerplate@0.3.0 precommit: `node config/tools commits && npm run lint && npm run lint:styles && npm test`
20 error Exit status 1
21 error Failed at the react-redux-saga-boilerplate@0.3.0 precommit script 'node config/tools commits && npm run lint && npm run lint:styles && npm test'.
21 error Make sure you have the latest version of node.js and npm installed.
21 error If you do, this is most likely a problem with the react-redux-saga-boilerplate package,
21 error not with npm itself.
21 error Tell the author that this fails on your system:
21 error     node config/tools commits && npm run lint && npm run lint:styles && npm test
21 error You can get information on how to open an issue for this project with:
21 error     npm bugs react-redux-saga-boilerplate
21 error Or if that isn't available, you can get their info via:
21 error     npm owner ls react-redux-saga-boilerplate
21 error There is likely additional logging output above.
22 verbose exit [ 1, true ]
